Copyright (C) 2019 Brian L. Browning
Enter "java -jar hap-ibd.jar" to print a list of command line arguments

Program            :  hap-ibd.jar  [ version 1.0, 23Apr20.f1a ]
Start Time         :  12:07 PM BST on 09 Apr 2021
Max Memory         :  1208 MB

Parameters
  gt               :  noMAF_lowNE.chr1.recode.vcf.gz
  map              :  chr1_plink.map
  out              :  noMAF_lowNE.chr1
  min-seed         :  2.0
  max-gap          :  1000
  min-extend       :  1.0
  min-output       :  2.0
  min-markers      :  100
  min-mac          :  2
  nthreads         :  1

Statistics
  samples          :  19
  markers          :  136755
  IBD segments     :  0
  IBD segs/sample  :  0.0
  HBD segments     :  0
  HBD segs/sample  :  0.000

Wallclock Time:    :  3 seconds
End Time           :  12:07 PM BST on 09 Apr 2021
